c:\users\עומר\desktop\c++\projects\hospital\hospital\x64\debug\vc143.pdb
c:\users\עומר\desktop\c++\projects\hospital\hospital\x64\debug\vc143.idb
c:\users\עומר\desktop\c++\projects\hospital\hospital\x64\debug\visit.obj
c:\users\עומר\desktop\c++\projects\hospital\hospital\x64\debug\researcher.obj
c:\users\עומר\desktop\c++\projects\hospital\hospital\x64\debug\researchcenter.obj
c:\users\עומר\desktop\c++\projects\hospital\hospital\x64\debug\person.obj
c:\users\עומר\desktop\c++\projects\hospital\hospital\x64\debug\paitent.obj
c:\users\עומר\desktop\c++\projects\hospital\hospital\x64\debug\nurse.obj
c:\users\עומר\desktop\c++\projects\hospital\hospital\x64\debug\main.obj
c:\users\עומר\desktop\c++\projects\hospital\hospital\x64\debug\hospital.obj
c:\users\עומר\desktop\c++\projects\hospital\hospital\x64\debug\employee.obj
c:\users\עומר\desktop\c++\projects\hospital\hospital\x64\debug\doctor.obj
c:\users\עומר\desktop\c++\projects\hospital\hospital\x64\debug\department.obj
c:\users\עומר\desktop\c++\projects\hospital\hospital\x64\debug\date.obj
c:\users\עומר\desktop\c++\projects\hospital\hospital\x64\debug\article.obj
c:\users\עומר\desktop\c++\projects\hospital\hospital\x64\debug\doctorresearcher.obj
c:\users\עומר\desktop\c++\projects\hospital\hospital\x64\debug\surgeon.obj
c:\users\עומר\desktop\c++\projects\hospital\x64\debug\hospital.exe
c:\users\עומר\desktop\c++\projects\hospital\x64\debug\hospital.pdb
c:\users\עומר\desktop\c++\projects\hospital\hospital\x64\debug\hospital.ilk
c:\users\עומר\desktop\c++\projects\hospital\hospital\x64\debug\surgery.obj
c:\users\עומר\desktop\c++\projects\hospital\hospital\x64\debug\hospital.tlog\cl.command.1.tlog
c:\users\עומר\desktop\c++\projects\hospital\hospital\x64\debug\hospital.tlog\cl.items.tlog
c:\users\עומר\desktop\c++\projects\hospital\hospital\x64\debug\hospital.tlog\cl.read.1.tlog
c:\users\עומר\desktop\c++\projects\hospital\hospital\x64\debug\hospital.tlog\cl.write.1.tlog
c:\users\עומר\desktop\c++\projects\hospital\hospital\x64\debug\hospital.tlog\link.command.1.tlog
c:\users\עומר\desktop\c++\projects\hospital\hospital\x64\debug\hospital.tlog\link.read.1.tlog
c:\users\עומר\desktop\c++\projects\hospital\hospital\x64\debug\hospital.tlog\link.secondary.1.tlog
c:\users\עומר\desktop\c++\projects\hospital\hospital\x64\debug\hospital.tlog\link.write.1.tlog
